0 info it worked if it ends with ok
1 verbose cli [ '/usr/local/bin/node', '/usr/local/bin/npm', 'run', 'test' ]
2 info using npm@3.10.8
3 info using node@v6.5.0
4 verbose run-script [ 'pretest', 'test', 'posttest' ]
5 info lifecycle samjs@0.2.3~pretest: samjs@0.2.3
6 silly lifecycle samjs@0.2.3~pretest: no script for pretest, continuing
7 info lifecycle samjs@0.2.3~test: samjs@0.2.3
8 verbose lifecycle samjs@0.2.3~test: unsafe-perm in lifecycle true
9 verbose lifecycle samjs@0.2.3~test: PATH: /usr/local/lib/node_modules/npm/bin/node-gyp-bin:/home/peaul/dev/samjs/node_modules/.bin:/usr/local/sbin:/usr/local/bin:/usr/sbin:/usr/bin:/sbin:/bin:/usr/games:/usr/local/games
10 verbose lifecycle samjs@0.2.3~test: CWD: /home/peaul/dev/samjs
11 silly lifecycle samjs@0.2.3~test: Args: [ '-c', 'mocha' ]
12 silly lifecycle samjs@0.2.3~test: Returned: code: 8  signal: null
13 info lifecycle samjs@0.2.3~test: Failed to exec test script
14 verbose stack Error: samjs@0.2.3 test: `mocha`
14 verbose stack Exit status 8
14 verbose stack     at EventEmitter.<anonymous> (/usr/local/lib/node_modules/npm/lib/utils/lifecycle.js:255:16)
14 verbose stack     at emitTwo (events.js:106:13)
14 verbose stack     at EventEmitter.emit (events.js:191:7)
14 verbose stack     at ChildProcess.<anonymous> (/usr/local/lib/node_modules/npm/lib/utils/spawn.js:40:14)
14 verbose stack     at emitTwo (events.js:106:13)
14 verbose stack     at ChildProcess.emit (events.js:191:7)
14 verbose stack     at maybeClose (internal/child_process.js:877:16)
14 verbose stack     at Process.ChildProcess._handle.onexit (internal/child_process.js:226:5)
15 verbose pkgid samjs@0.2.3
16 verbose cwd /home/peaul/dev/samjs
17 error Linux 3.13.0-37-generic
18 error argv "/usr/local/bin/node" "/usr/local/bin/npm" "run" "test"
19 error node v6.5.0
20 error npm  v3.10.8
21 error code ELIFECYCLE
22 error samjs@0.2.3 test: `mocha`
22 error Exit status 8
23 error Failed at the samjs@0.2.3 test script 'mocha'.
23 error Make sure you have the latest version of node.js and npm installed.
23 error If you do, this is most likely a problem with the samjs package,
23 error not with npm itself.
23 error Tell the author that this fails on your system:
23 error     mocha
23 error You can get information on how to open an issue for this project with:
23 error     npm bugs samjs
23 error Or if that isn't available, you can get their info via:
23 error     npm owner ls samjs
23 error There is likely additional logging output above.
24 verbose exit [ 1, true ]
